# JRE version: Java(TM) SE Runtime Environment (8.0_161-b12) (build 1.8.0_161-b12)
# Java VM: Java HotSpot(TM) 64-Bit Server VM (25.161-b12 mixed mode windows-amd64 compressed oops)
Heap:
 PSYoungGen      total 57344K, used 20777K [0x0000000780a00000, 0x0000000785d80000, 0x00000007c0000000)
  eden space 49152K, 25% used [0x0000000780a00000,0x0000000781652660,0x0000000783a00000)
  from space 8192K, 99% used [0x0000000783a00000,0x00000007841f8020,0x0000000784200000)
  to   space 8192K, 0% used [0x0000000785580000,0x0000000785580000,0x0000000785d80000)
 ParOldGen       total 88064K, used 15340K [0x0000000701e00000, 0x0000000707400000, 0x0000000780a00000)
  object space 88064K, 17% used [0x0000000701e00000,0x0000000702cfb018,0x0000000707400000)
 Metaspace       used 24043K, capacity 25494K, committed 25600K, reserved 1071104K
  class space    used 3250K, capacity 3528K, committed 3584K, reserved 1048576K
GC Heap History (8 events):
Event: 3.267 GC heap before
{Heap before GC invocations=1 (full 0):
 PSYoungGen      total 57344K, used 49152K [0x0000000780a00000, 0x0000000784a00000, 0x00000007c0000000)
  eden space 49152K, 100% used [0x0000000780a00000,0x0000000783a00000,0x0000000783a00000)
  from space 8192K, 0% used [0x0000000784200000,0x0000000784200000,0x0000000784a00000)
  to   space 8192K, 0% used [0x0000000783a00000,0x0000000783a00000,0x0000000784200000)
 ParOldGen       total 131072K, used 0K [0x0000000701e00000, 0x0000000709e00000, 0x0000000780a00000)
  object space 131072K, 0% used [0x0000000701e00000,0x0000000701e00000,0x0000000709e00000)
 Metaspace       used 16489K, capacity 16948K, committed 17152K, reserved 1064960K
  class space    used 2132K, capacity 2245K, committed 2304K, reserved 1048576K
Event: 3.284 GC heap after
Heap after GC invocations=1 (full 0):
 PSYoungGen      total 57344K, used 6721K [0x0000000780a00000, 0x0000000784a00000, 0x00000007c0000000)
  eden space 49152K, 0% used [0x0000000780a00000,0x0000000780a00000,0x0000000783a00000)
  from space 8192K, 82% used [0x0000000783a00000,0x00000007840904e8,0x0000000784200000)
  to   space 8192K, 0% used [0x0000000784200000,0x0000000784200000,0x0000000784a00000)
 ParOldGen       total 131072K, used 80K [0x0000000701e00000, 0x0000000709e00000, 0x0000000780a00000)
  object space 131072K, 0% used [0x0000000701e00000,0x0000000701e14010,0x0000000709e00000)
 Metaspace       used 16489K, capacity 16948K, committed 17152K, reserved 1064960K
  class space    used 2132K, capacity 2245K, committed 2304K, reserved 1048576K
}
Event: 4.629 GC heap before
{Heap before GC invocations=2 (full 0):
 PSYoungGen      total 57344K, used 29247K [0x0000000780a00000, 0x0000000784a00000, 0x00000007c0000000)
  eden space 49152K, 45% used [0x0000000780a00000,0x0000000781fff9d8,0x0000000783a00000)
  from space 8192K, 82% used [0x0000000783a00000,0x00000007840904e8,0x0000000784200000)
  to   space 8192K, 0% used [0x0000000784200000,0x0000000784200000,0x0000000784a00000)
 ParOldGen       total 131072K, used 80K [0x0000000701e00000, 0x0000000709e00000, 0x0000000780a00000)
  object space 131072K, 0% used [0x0000000701e00000,0x0000000701e14010,0x0000000709e00000)
 Metaspace       used 20157K, capacity 21152K, committed 21296K, reserved 1067008K
  class space    used 2785K, capacity 2969K, committed 3072K, reserved 1048576K
Event: 4.643 GC heap after
Heap after GC invocations=2 (full 0):
 PSYoungGen      total 57344K, used 7280K [0x0000000780a00000, 0x0000000784a00000, 0x00000007c0000000)
  eden space 49152K, 0% used [0x0000000780a00000,0x0000000780a00000,0x0000000783a00000)
  from space 8192K, 88% used [0x0000000784200000,0x000000078491c070,0x0000000784a00000)
  to   space 8192K, 0% used [0x0000000783a00000,0x0000000783a00000,0x0000000784200000)
 ParOldGen       total 131072K, used 88K [0x0000000701e00000, 0x0000000709e00000, 0x0000000780a00000)
  object space 131072K, 0% used [0x0000000701e00000,0x0000000701e16010,0x0000000709e00000)
 Metaspace       used 20157K, capacity 21152K, committed 21296K, reserved 1067008K
  class space    used 2785K, capacity 2969K, committed 3072K, reserved 1048576K
}
Event: 4.643 GC heap before
{Heap before GC invocations=3 (full 1):
 PSYoungGen      total 57344K, used 7280K [0x0000000780a00000, 0x0000000784a00000, 0x00000007c0000000)
  eden space 49152K, 0% used [0x0000000780a00000,0x0000000780a00000,0x0000000783a00000)
  from space 8192K, 88% used [0x0000000784200000,0x000000078491c070,0x0000000784a00000)
  to   space 8192K, 0% used [0x0000000783a00000,0x0000000783a00000,0x0000000784200000)
 ParOldGen       total 131072K, used 88K [0x0000000701e00000, 0x0000000709e00000, 0x0000000780a00000)
  object space 131072K, 0% used [0x0000000701e00000,0x0000000701e16010,0x0000000709e00000)
 Metaspace       used 20157K, capacity 21152K, committed 21296K, reserved 1067008K
  class space    used 2785K, capacity 2969K, committed 3072K, reserved 1048576K
Event: 4.701 GC heap after
Heap after GC invocations=3 (full 1):
 PSYoungGen      total 57344K, used 0K [0x0000000780a00000, 0x0000000784a00000, 0x00000007c0000000)
  eden space 49152K, 0% used [0x0000000780a00000,0x0000000780a00000,0x0000000783a00000)
  from space 8192K, 0% used [0x0000000784200000,0x0000000784200000,0x0000000784a00000)
  to   space 8192K, 0% used [0x0000000783a00000,0x0000000783a00000,0x0000000784200000)
 ParOldGen       total 88064K, used 7253K [0x0000000701e00000, 0x0000000707400000, 0x0000000780a00000)
  object space 88064K, 8% used [0x0000000701e00000,0x0000000702515588,0x0000000707400000)
 Metaspace       used 20157K, capacity 21152K, committed 21296K, reserved 1067008K
  class space    used 2785K, capacity 2969K, committed 3072K, reserved 1048576K
}
Event: 7.503 GC heap before
{Heap before GC invocations=4 (full 1):
 PSYoungGen      total 57344K, used 49152K [0x0000000780a00000, 0x0000000784a00000, 0x00000007c0000000)
  eden space 49152K, 100% used [0x0000000780a00000,0x0000000783a00000,0x0000000783a00000)
  from space 8192K, 0% used [0x0000000784200000,0x0000000784200000,0x0000000784a00000)
  to   space 8192K, 0% used [0x0000000783a00000,0x0000000783a00000,0x0000000784200000)
 ParOldGen       total 88064K, used 7253K [0x0000000701e00000, 0x0000000707400000, 0x0000000780a00000)
  object space 88064K, 8% used [0x0000000701e00000,0x0000000702515588,0x0000000707400000)
 Metaspace       used 23359K, capacity 24720K, committed 24960K, reserved 1071104K
  class space    used 3157K, capacity 3419K, committed 3456K, reserved 1048576K
Event: 7.532 GC heap after
Heap after GC invocations=4 (full 1):
 PSYoungGen      total 57344K, used 8160K [0x0000000780a00000, 0x0000000785d80000, 0x00000007c0000000)
  eden space 49152K, 0% used [0x0000000780a00000,0x0000000780a00000,0x0000000783a00000)
  from space 8192K, 99% used [0x0000000783a00000,0x00000007841f8020,0x0000000784200000)
  to   space 8192K, 0% used [0x0000000785580000,0x0000000785580000,0x0000000785d80000)
 ParOldGen       total 88064K, used 15340K [0x0000000701e00000, 0x0000000707400000, 0x0000000780a00000)
  object space 88064K, 17% used [0x0000000701e00000,0x0000000702cfb018,0x0000000707400000)
 Metaspace       used 23359K, capacity 24720K, committed 24960K, reserved 1071104K
  class space    used 3157K, capacity 3419K, committed 3456K, reserved 1048576K
}

