# JRE version: Java(TM) SE Runtime Environment (8.0_161-b12) (build 1.8.0_161-b12)
# Java VM: Java HotSpot(TM) 64-Bit Server VM (25.161-b12 mixed mode windows-amd64 compressed oops)
Heap:
 PSYoungGen      total 57344K, used 20657K [0x0000000780a00000, 0x0000000785980000, 0x00000007c0000000)
  eden space 49152K, 25% used [0x0000000780a00000,0x000000078162c7e8,0x0000000783a00000)
  from space 8192K, 100% used [0x0000000783a00000,0x0000000784200000,0x0000000784200000)
  to   space 8192K, 0% used [0x0000000785180000,0x0000000785180000,0x0000000785980000)
 ParOldGen       total 87552K, used 17358K [0x0000000701e00000, 0x0000000707380000, 0x0000000780a00000)
  object space 87552K, 19% used [0x0000000701e00000,0x0000000702ef3af8,0x0000000707380000)
 Metaspace       used 24015K, capacity 25478K, committed 25600K, reserved 1071104K
  class space    used 3248K, capacity 3522K, committed 3584K, reserved 1048576K
GC Heap History (8 events):
Event: 2.924 GC heap before
{Heap before GC invocations=1 (full 0):
 PSYoungGen      total 57344K, used 49152K [0x0000000780a00000, 0x0000000784a00000, 0x00000007c0000000)
  eden space 49152K, 100% used [0x0000000780a00000,0x0000000783a00000,0x0000000783a00000)
  from space 8192K, 0% used [0x0000000784200000,0x0000000784200000,0x0000000784a00000)
  to   space 8192K, 0% used [0x0000000783a00000,0x0000000783a00000,0x0000000784200000)
 ParOldGen       total 131072K, used 0K [0x0000000701e00000, 0x0000000709e00000, 0x0000000780a00000)
  object space 131072K, 0% used [0x0000000701e00000,0x0000000701e00000,0x0000000709e00000)
 Metaspace       used 16405K, capacity 16884K, committed 17152K, reserved 1064960K
  class space    used 2122K, capacity 2245K, committed 2304K, reserved 1048576K
Event: 2.943 GC heap after
Heap after GC invocations=1 (full 0):
 PSYoungGen      total 57344K, used 6736K [0x0000000780a00000, 0x0000000784a00000, 0x00000007c0000000)
  eden space 49152K, 0% used [0x0000000780a00000,0x0000000780a00000,0x0000000783a00000)
  from space 8192K, 82% used [0x0000000783a00000,0x00000007840940f8,0x0000000784200000)
  to   space 8192K, 0% used [0x0000000784200000,0x0000000784200000,0x0000000784a00000)
 ParOldGen       total 131072K, used 72K [0x0000000701e00000, 0x0000000709e00000, 0x0000000780a00000)
  object space 131072K, 0% used [0x0000000701e00000,0x0000000701e12010,0x0000000709e00000)
 Metaspace       used 16405K, capacity 16884K, committed 17152K, reserved 1064960K
  class space    used 2122K, capacity 2245K, committed 2304K, reserved 1048576K
}
Event: 4.195 GC heap before
{Heap before GC invocations=2 (full 0):
 PSYoungGen      total 57344K, used 28762K [0x0000000780a00000, 0x0000000784a00000, 0x00000007c0000000)
  eden space 49152K, 44% used [0x0000000780a00000,0x0000000781f82a28,0x0000000783a00000)
  from space 8192K, 82% used [0x0000000783a00000,0x00000007840940f8,0x0000000784200000)
  to   space 8192K, 0% used [0x0000000784200000,0x0000000784200000,0x0000000784a00000)
 ParOldGen       total 131072K, used 72K [0x0000000701e00000, 0x0000000709e00000, 0x0000000780a00000)
  object space 131072K, 0% used [0x0000000701e00000,0x0000000701e12010,0x0000000709e00000)
 Metaspace       used 20140K, capacity 21152K, committed 21296K, reserved 1067008K
  class space    used 2783K, capacity 2969K, committed 3072K, reserved 1048576K
Event: 4.211 GC heap after
Heap after GC invocations=2 (full 0):
 PSYoungGen      total 57344K, used 7232K [0x0000000780a00000, 0x0000000784a00000, 0x00000007c0000000)
  eden space 49152K, 0% used [0x0000000780a00000,0x0000000780a00000,0x0000000783a00000)
  from space 8192K, 88% used [0x0000000784200000,0x0000000784910080,0x0000000784a00000)
  to   space 8192K, 0% used [0x0000000783a00000,0x0000000783a00000,0x0000000784200000)
 ParOldGen       total 131072K, used 80K [0x0000000701e00000, 0x0000000709e00000, 0x0000000780a00000)
  object space 131072K, 0% used [0x0000000701e00000,0x0000000701e14010,0x0000000709e00000)
 Metaspace       used 20140K, capacity 21152K, committed 21296K, reserved 1067008K
  class space    used 2783K, capacity 2969K, committed 3072K, reserved 1048576K
}
Event: 4.211 GC heap before
{Heap before GC invocations=3 (full 1):
 PSYoungGen      total 57344K, used 7232K [0x0000000780a00000, 0x0000000784a00000, 0x00000007c0000000)
  eden space 49152K, 0% used [0x0000000780a00000,0x0000000780a00000,0x0000000783a00000)
  from space 8192K, 88% used [0x0000000784200000,0x0000000784910080,0x0000000784a00000)
  to   space 8192K, 0% used [0x0000000783a00000,0x0000000783a00000,0x0000000784200000)
 ParOldGen       total 131072K, used 80K [0x0000000701e00000, 0x0000000709e00000, 0x0000000780a00000)
  object space 131072K, 0% used [0x0000000701e00000,0x0000000701e14010,0x0000000709e00000)
 Metaspace       used 20140K, capacity 21152K, committed 21296K, reserved 1067008K
  class space    used 2783K, capacity 2969K, committed 3072K, reserved 1048576K
Event: 4.275 GC heap after
Heap after GC invocations=3 (full 1):
 PSYoungGen      total 57344K, used 0K [0x0000000780a00000, 0x0000000784a00000, 0x00000007c0000000)
  eden space 49152K, 0% used [0x0000000780a00000,0x0000000780a00000,0x0000000783a00000)
  from space 8192K, 0% used [0x0000000784200000,0x0000000784200000,0x0000000784a00000)
  to   space 8192K, 0% used [0x0000000783a00000,0x0000000783a00000,0x0000000784200000)
 ParOldGen       total 87552K, used 7223K [0x0000000701e00000, 0x0000000707380000, 0x0000000780a00000)
  object space 87552K, 8% used [0x0000000701e00000,0x000000070250df58,0x0000000707380000)
 Metaspace       used 20140K, capacity 21152K, committed 21296K, reserved 1067008K
  class space    used 2783K, capacity 2969K, committed 3072K, reserved 1048576K
}
Event: 12.296 GC heap before
{Heap before GC invocations=4 (full 1):
 PSYoungGen      total 57344K, used 49152K [0x0000000780a00000, 0x0000000784a00000, 0x00000007c0000000)
  eden space 49152K, 100% used [0x0000000780a00000,0x0000000783a00000,0x0000000783a00000)
  from space 8192K, 0% used [0x0000000784200000,0x0000000784200000,0x0000000784a00000)
  to   space 8192K, 0% used [0x0000000783a00000,0x0000000783a00000,0x0000000784200000)
 ParOldGen       total 87552K, used 7223K [0x0000000701e00000, 0x0000000707380000, 0x0000000780a00000)
  object space 87552K, 8% used [0x0000000701e00000,0x000000070250df58,0x0000000707380000)
 Metaspace       used 23296K, capacity 24656K, committed 24960K, reserved 1071104K
  class space    used 3156K, capacity 3419K, committed 3456K, reserved 1048576K
Event: 12.320 GC heap after
Heap after GC invocations=4 (full 1):
 PSYoungGen      total 57344K, used 8192K [0x0000000780a00000, 0x0000000785980000, 0x00000007c0000000)
  eden space 49152K, 0% used [0x0000000780a00000,0x0000000780a00000,0x0000000783a00000)
  from space 8192K, 100% used [0x0000000783a00000,0x0000000784200000,0x0000000784200000)
  to   space 8192K, 0% used [0x0000000785180000,0x0000000785180000,0x0000000785980000)
 ParOldGen       total 87552K, used 17358K [0x0000000701e00000, 0x0000000707380000, 0x0000000780a00000)
  object space 87552K, 19% used [0x0000000701e00000,0x0000000702ef3af8,0x0000000707380000)
 Metaspace       used 23296K, capacity 24656K, committed 24960K, reserved 1071104K
  class space    used 3156K, capacity 3419K, committed 3456K, reserved 1048576K
}

